\BOOKMARK [1][-]{section.1}{Vision and scope}{}% 1
\BOOKMARK [2][-]{subsection.1.1}{Project background}{section.1}% 2
\BOOKMARK [2][-]{subsection.1.2}{Project vision}{section.1}% 3
\BOOKMARK [2][-]{subsection.1.3}{Project scope}{section.1}% 4
\BOOKMARK [1][-]{section.2}{Use case prioritization}{}% 5
\BOOKMARK [2][-]{subsection.2.1}{Critical}{section.2}% 6
\BOOKMARK [2][-]{subsection.2.2}{Important}{section.2}% 7
\BOOKMARK [2][-]{subsection.2.3}{Nice-To-Have}{section.2}% 8
\BOOKMARK [1][-]{section.3}{Use cases}{}% 9
\BOOKMARK [2][-]{subsection.3.1}{deleteFlowchartProject}{section.3}% 10
\BOOKMARK [3][-]{subsubsection.3.1.1}{Use case diagram}{subsection.3.1}% 11
\BOOKMARK [3][-]{subsubsection.3.1.2}{Activity diagram}{subsection.3.1}% 12
\BOOKMARK [2][-]{subsection.3.2}{editFlowchartComponent}{section.3}% 13
\BOOKMARK [3][-]{subsubsection.3.2.1}{Use case diagram}{subsection.3.2}% 14
\BOOKMARK [3][-]{subsubsection.3.2.2}{Activity diagram}{subsection.3.2}% 15
\BOOKMARK [2][-]{subsection.3.3}{saveFlowchart}{section.3}% 16
\BOOKMARK [3][-]{subsubsection.3.3.1}{Use case diagram}{subsection.3.3}% 17
\BOOKMARK [3][-]{subsubsection.3.3.2}{Activity diagram}{subsection.3.3}% 18
\BOOKMARK [2][-]{subsection.3.4}{loadFlowchart}{section.3}% 19
\BOOKMARK [3][-]{subsubsection.3.4.1}{Use case diagram}{subsection.3.4}% 20
\BOOKMARK [3][-]{subsubsection.3.4.2}{Activity diagram}{subsection.3.4}% 21
\BOOKMARK [3][-]{subsubsection.3.4.3}{Domain mode}{subsection.3.4}% 22
\BOOKMARK [2][-]{subsection.3.5}{deleteFlowchartComponent}{section.3}% 23
\BOOKMARK [3][-]{subsubsection.3.5.1}{Use case diagram}{subsection.3.5}% 24
\BOOKMARK [3][-]{subsubsection.3.5.2}{Activity diagram}{subsection.3.5}% 25
\BOOKMARK [2][-]{subsection.3.6}{runSimulationTool}{section.3}% 26
\BOOKMARK [3][-]{subsubsection.3.6.1}{Use case diagram}{subsection.3.6}% 27
\BOOKMARK [3][-]{subsubsection.3.6.2}{Activity diagram}{subsection.3.6}% 28
